https://crm.consors.com.br/,ScheduleReprots,"2020-05-25 11:10:05",Array,,[],
https://crm.consors.com.br/,"ScheduleReprots Send Mail Start ::","2020-05-25 11:10:05","2020-05-25 11:10:05",,[],
https://crm.consors.com.br/,"ScheduleReprot Name ::","2020-05-25 11:10:05","Relatório de Leads SEO",,[],
https://crm.consors.com.br/,"ScheduleReprot Send Mail Status ","2020-05-25 11:10:05",1,,[],
https://crm.consors.com.br/,"ScheduleReprot Next Trigger Time >> ","2020-05-25 11:10:05","2020-06-01 11:00:00",,[],
https://crm.consors.com.br/,ScheduleReprot,"2020-05-25 11:10:05","Next Trigger Time updated",,[],
https://crm.consors.com.br/,ScheduleReprots,"2020-06-01 11:10:04",Array,,[],
https://crm.consors.com.br/,"ScheduleReprots Send Mail Start ::","2020-06-01 11:10:04","2020-06-01 11:10:04",,[],
https://crm.consors.com.br/,"ScheduleReprot Name ::","2020-06-01 11:10:04","Relatório de Leads SEO",,[],
https://crm.consors.com.br/,"ScheduleReprot Send Mail Status ","2020-06-01 11:10:04",1,,[],
https://crm.consors.com.br/,"ScheduleReprot Next Trigger Time >> ","2020-06-01 11:10:04","2020-06-08 11:00:00",,[],
https://crm.consors.com.br/,ScheduleReprot,"2020-06-01 11:10:04","Next Trigger Time updated",,[],
https://crm.consors.com.br/,ScheduleReprots,"2020-06-08 11:10:04",Array,,[],
https://crm.consors.com.br/,"ScheduleReprots Send Mail Start ::","2020-06-08 11:10:04","2020-06-08 11:10:04",,[],
https://crm.consors.com.br/,"ScheduleReprot Name ::","2020-06-08 11:10:04","Relatório de Leads SEO",,[],
https://crm.consors.com.br/,"ScheduleReprot Send Mail Status ","2020-06-08 11:10:04",1,,[],
https://crm.consors.com.br/,"ScheduleReprot Next Trigger Time >> ","2020-06-08 11:10:04","2020-06-15 11:00:00",,[],
https://crm.consors.com.br/,ScheduleReprot,"2020-06-08 11:10:04","Next Trigger Time updated",,[],
https://crm.consors.com.br/,ScheduleReprots,"2020-06-15 11:10:04",Array,,[],
https://crm.consors.com.br/,"ScheduleReprots Send Mail Start ::","2020-06-15 11:10:04","2020-06-15 11:10:04",,[],
https://crm.consors.com.br/,"ScheduleReprot Name ::","2020-06-15 11:10:04","Relatório de Leads SEO",,[],
https://crm.consors.com.br/,"ScheduleReprot Send Mail Status ","2020-06-15 11:10:04",1,,[],
https://crm.consors.com.br/,"ScheduleReprot Next Trigger Time >> ","2020-06-15 11:10:04","2020-06-22 11:00:00",,[],
https://crm.consors.com.br/,ScheduleReprot,"2020-06-15 11:10:04","Next Trigger Time updated",,[],
https://crm.consors.com.br/,ScheduleReprots,"2020-06-22 11:10:05",Array,,[],
https://crm.consors.com.br/,"ScheduleReprots Send Mail Start ::","2020-06-22 11:10:05","2020-06-22 11:10:05",,[],
https://crm.consors.com.br/,"ScheduleReprot Name ::","2020-06-22 11:10:05","Relatório de Leads SEO",,[],
https://crm.consors.com.br/,"ScheduleReprot Send Mail Status ","2020-06-22 11:10:05",1,,[],
https://crm.consors.com.br/,"ScheduleReprot Next Trigger Time >> ","2020-06-22 11:10:05","2020-06-29 11:00:00",,[],
https://crm.consors.com.br/,ScheduleReprot,"2020-06-22 11:10:05","Next Trigger Time updated",,[],
https://crm.consors.com.br/,ScheduleReprots,"2020-06-29 11:10:05",Array,,[],
https://crm.consors.com.br/,"ScheduleReprots Send Mail Start ::","2020-06-29 11:10:05","2020-06-29 11:10:05",,[],
https://crm.consors.com.br/,"ScheduleReprot Name ::","2020-06-29 11:10:05","Relatório de Leads SEO",,[],
https://crm.consors.com.br/,"ScheduleReprot Send Mail Status ","2020-06-29 11:10:05",1,,[],
https://crm.consors.com.br/,"ScheduleReprot Next Trigger Time >> ","2020-06-29 11:10:05","2020-07-06 11:00:00",,[],
https://crm.consors.com.br/,ScheduleReprot,"2020-06-29 11:10:05","Next Trigger Time updated",,[],
https://crm.consors.com.br/,ScheduleReprots,"2020-07-06 11:10:04",Array,,[],
https://crm.consors.com.br/,"ScheduleReprots Send Mail Start ::","2020-07-06 11:10:04","2020-07-06 11:10:04",,[],
https://crm.consors.com.br/,"ScheduleReprot Name ::","2020-07-06 11:10:04","Relatório de Leads SEO",,[],
https://crm.consors.com.br/,"ScheduleReprot Send Mail Status ","2020-07-06 11:10:04",1,,[],
https://crm.consors.com.br/,"ScheduleReprot Next Trigger Time >> ","2020-07-06 11:10:04","2020-07-13 11:00:00",,[],
https://crm.consors.com.br/,ScheduleReprot,"2020-07-06 11:10:04","Next Trigger Time updated",,[],
https://crm.consors.com.br/,ScheduleReprots,"2020-07-13 11:10:04",Array,,[],
https://crm.consors.com.br/,"ScheduleReprots Send Mail Start ::","2020-07-13 11:10:04","2020-07-13 11:10:04",,[],
https://crm.consors.com.br/,"ScheduleReprot Name ::","2020-07-13 11:10:04","Relatório de Leads SEO",,[],
https://crm.consors.com.br/,"ScheduleReprot Send Mail Status ","2020-07-13 11:10:04",1,,[],
https://crm.consors.com.br/,"ScheduleReprot Next Trigger Time >> ","2020-07-13 11:10:04","2020-07-20 11:00:00",,[],
https://crm.consors.com.br/,ScheduleReprot,"2020-07-13 11:10:04","Next Trigger Time updated",,[],
https://crm.consors.com.br/,ScheduleReprots,"2020-07-20 11:00:05",Array,,[],
https://crm.consors.com.br/,"ScheduleReprots Send Mail Start ::","2020-07-20 11:00:05","2020-07-20 11:00:05",,[],
https://crm.consors.com.br/,"ScheduleReprot Name ::","2020-07-20 11:00:05","Relatório de Leads SEO",,[],
https://crm.consors.com.br/,"ScheduleReprot Send Mail Status ","2020-07-20 11:00:05",1,,[],
https://crm.consors.com.br/,"ScheduleReprot Next Trigger Time >> ","2020-07-20 11:00:05","2020-07-27 11:00:00",,[],
https://crm.consors.com.br/,ScheduleReprot,"2020-07-20 11:00:05","Next Trigger Time updated",,[],
https://crm.consors.com.br/,ScheduleReprots,"2020-07-27 11:00:05",Array,,[],
https://crm.consors.com.br/,"ScheduleReprots Send Mail Start ::","2020-07-27 11:00:05","2020-07-27 11:00:05",,[],
https://crm.consors.com.br/,"ScheduleReprot Name ::","2020-07-27 11:00:05","Relatório de Leads SEO",,[],
https://crm.consors.com.br/,"ScheduleReprot Send Mail Status ","2020-07-27 11:00:05",1,,[],
https://crm.consors.com.br/,"ScheduleReprot Next Trigger Time >> ","2020-07-27 11:00:05","2020-08-03 11:00:00",,[],
https://crm.consors.com.br/,ScheduleReprot,"2020-07-27 11:00:05","Next Trigger Time updated",,[],
https://crm.consors.com.br/,ScheduleReprots,"2020-08-03 11:00:06",Array,,[],
https://crm.consors.com.br/,"ScheduleReprots Send Mail Start ::","2020-08-03 11:00:06","2020-08-03 11:00:06",,[],
https://crm.consors.com.br/,"ScheduleReprot Name ::","2020-08-03 11:00:06","Relatório de Leads SEO",,[],
https://crm.consors.com.br/,"ScheduleReprot Send Mail Status ","2020-08-03 11:00:06",1,,[],
https://crm.consors.com.br/,"ScheduleReprot Next Trigger Time >> ","2020-08-03 11:00:06","2020-08-10 11:00:00",,[],
https://crm.consors.com.br/,ScheduleReprot,"2020-08-03 11:00:06","Next Trigger Time updated",,[],
https://crm.consors.com.br/,ScheduleReprots,"2020-08-10 11:00:05",Array,,[],
https://crm.consors.com.br/,"ScheduleReprots Send Mail Start ::","2020-08-10 11:00:05","2020-08-10 11:00:05",,[],
https://crm.consors.com.br/,"ScheduleReprot Name ::","2020-08-10 11:00:05","Relatório de Leads SEO",,[],
https://crm.consors.com.br/,"ScheduleReprot Send Mail Status ","2020-08-10 11:00:05",1,,[],
https://crm.consors.com.br/,"ScheduleReprot Next Trigger Time >> ","2020-08-10 11:00:05","2020-08-17 11:00:00",,[],
https://crm.consors.com.br/,ScheduleReprot,"2020-08-10 11:00:05","Next Trigger Time updated",,[],
https://crm.consors.com.br/,ScheduleReprots,"2020-08-17 11:00:07",Array,,[],
https://crm.consors.com.br/,"ScheduleReprots Send Mail Start ::","2020-08-17 11:00:07","2020-08-17 11:00:07",,[],
https://crm.consors.com.br/,"ScheduleReprot Name ::","2020-08-17 11:00:07","Relatório de Leads SEO",,[],
https://crm.consors.com.br/,"ScheduleReprot Send Mail Status ","2020-08-17 11:00:07",1,,[],
https://crm.consors.com.br/,"ScheduleReprot Next Trigger Time >> ","2020-08-17 11:00:07","2020-08-24 11:00:00",,[],
https://crm.consors.com.br/,ScheduleReprot,"2020-08-17 11:00:07","Next Trigger Time updated",,[],
https://crm.consors.com.br/,ScheduleReprots,"2020-08-24 11:00:06",Array,,[],
https://crm.consors.com.br/,"ScheduleReprots Send Mail Start ::","2020-08-24 11:00:06","2020-08-24 11:00:06",,[],
https://crm.consors.com.br/,"ScheduleReprot Name ::","2020-08-24 11:00:06","Relatório de Leads SEO",,[],
https://crm.consors.com.br/,"ScheduleReprot Send Mail Status ","2020-08-24 11:00:06",1,,[],
https://crm.consors.com.br/,"ScheduleReprot Next Trigger Time >> ","2020-08-24 11:00:06","2020-08-31 11:00:00",,[],
https://crm.consors.com.br/,ScheduleReprot,"2020-08-24 11:00:06","Next Trigger Time updated",,[],
https://crm.consors.com.br/,ScheduleReprots,"2020-08-31 11:00:05",Array,,[],
https://crm.consors.com.br/,"ScheduleReprots Send Mail Start ::","2020-08-31 11:00:05","2020-08-31 11:00:05",,[],
https://crm.consors.com.br/,"ScheduleReprot Name ::","2020-08-31 11:00:05","Relatório de Leads SEO",,[],
https://crm.consors.com.br/,"ScheduleReprot Send Mail Status ","2020-08-31 11:00:05",1,,[],
https://crm.consors.com.br/,"ScheduleReprot Next Trigger Time >> ","2020-08-31 11:00:05","2020-09-07 11:00:00",,[],
https://crm.consors.com.br/,ScheduleReprot,"2020-08-31 11:00:05","Next Trigger Time updated",,[],
https://crm.consors.com.br/,ScheduleReprots,"2020-09-07 11:00:06",Array,,[],
https://crm.consors.com.br/,"ScheduleReprots Send Mail Start ::","2020-09-07 11:00:06","2020-09-07 11:00:06",,[],
https://crm.consors.com.br/,"ScheduleReprot Name ::","2020-09-07 11:00:06","Relatório de Leads SEO",,[],
https://crm.consors.com.br/,"ScheduleReprot Send Mail Status ","2020-09-07 11:00:06",1,,[],
https://crm.consors.com.br/,"ScheduleReprot Next Trigger Time >> ","2020-09-07 11:00:06","2020-09-14 11:00:00",,[],
https://crm.consors.com.br/,ScheduleReprot,"2020-09-07 11:00:06","Next Trigger Time updated",,[],
https://crm.consors.com.br/,ScheduleReprots,"2020-09-14 11:00:06",Array,,[],
https://crm.consors.com.br/,"ScheduleReprots Send Mail Start ::","2020-09-14 11:00:06","2020-09-14 11:00:06",,[],
https://crm.consors.com.br/,"ScheduleReprot Name ::","2020-09-14 11:00:06","Relatório de Leads SEO",,[],
https://crm.consors.com.br/,"ScheduleReprot Send Mail Status ","2020-09-14 11:00:06",1,,[],
https://crm.consors.com.br/,"ScheduleReprot Next Trigger Time >> ","2020-09-14 11:00:06","2020-09-21 11:00:00",,[],
https://crm.consors.com.br/,ScheduleReprot,"2020-09-14 11:00:06","Next Trigger Time updated",,[],
https://crm.consors.com.br/,ScheduleReprots,"2020-09-21 11:00:07",Array,,[],
https://crm.consors.com.br/,"ScheduleReprots Send Mail Start ::","2020-09-21 11:00:07","2020-09-21 11:00:07",,[],
https://crm.consors.com.br/,"ScheduleReprot Name ::","2020-09-21 11:00:07","Relatório de Leads SEO",,[],
https://crm.consors.com.br/,"ScheduleReprot Send Mail Status ","2020-09-21 11:00:07",1,,[],
https://crm.consors.com.br/,"ScheduleReprot Next Trigger Time >> ","2020-09-21 11:00:07","2020-09-28 11:00:00",,[],
https://crm.consors.com.br/,ScheduleReprot,"2020-09-21 11:00:07","Next Trigger Time updated",,[],
https://crm.consors.com.br/,ScheduleReprots,"2020-09-28 11:00:06",Array,,[],
https://crm.consors.com.br/,"ScheduleReprots Send Mail Start ::","2020-09-28 11:00:06","2020-09-28 11:00:06",,[],
https://crm.consors.com.br/,"ScheduleReprot Name ::","2020-09-28 11:00:06","Relatório de Leads SEO",,[],
https://crm.consors.com.br/,"ScheduleReprot Send Mail Status ","2020-09-28 11:00:06",1,,[],
https://crm.consors.com.br/,"ScheduleReprot Next Trigger Time >> ","2020-09-28 11:00:06","2020-10-05 11:00:00",,[],
https://crm.consors.com.br/,ScheduleReprot,"2020-09-28 11:00:06","Next Trigger Time updated",,[],
https://crm.consors.com.br/,ScheduleReprots,"2020-10-05 11:00:06",Array,,[],
https://crm.consors.com.br/,"ScheduleReprots Send Mail Start ::","2020-10-05 11:00:06","2020-10-05 11:00:06",,[],
https://crm.consors.com.br/,"ScheduleReprot Name ::","2020-10-05 11:00:06","Relatório de Leads SEO",,[],
https://crm.consors.com.br/,"ScheduleReprot Send Mail Status ","2020-10-05 11:00:07",1,,[],
https://crm.consors.com.br/,"ScheduleReprot Next Trigger Time >> ","2020-10-05 11:00:07","2020-10-12 11:00:00",,[],
https://crm.consors.com.br/,ScheduleReprot,"2020-10-05 11:00:07","Next Trigger Time updated",,[],
https://crm.consors.com.br/,ScheduleReprots,"2020-10-12 11:00:06",Array,,[],
https://crm.consors.com.br/,"ScheduleReprots Send Mail Start ::","2020-10-12 11:00:06","2020-10-12 11:00:06",,[],
https://crm.consors.com.br/,"ScheduleReprot Name ::","2020-10-12 11:00:06","Relatório de Leads SEO",,[],
https://crm.consors.com.br/,"ScheduleReprot Send Mail Status ","2020-10-12 11:00:06",1,,[],
https://crm.consors.com.br/,"ScheduleReprot Next Trigger Time >> ","2020-10-12 11:00:06","2020-10-19 11:00:00",,[],
https://crm.consors.com.br/,ScheduleReprot,"2020-10-12 11:00:06","Next Trigger Time updated",,[],
https://crm.consors.com.br/,ScheduleReprots,"2020-10-19 11:00:07",Array,,[],
https://crm.consors.com.br/,"ScheduleReprots Send Mail Start ::","2020-10-19 11:00:07","2020-10-19 11:00:07",,[],
https://crm.consors.com.br/,"ScheduleReprot Name ::","2020-10-19 11:00:07","Relatório de Leads SEO",,[],
https://crm.consors.com.br/,"ScheduleReprot Send Mail Status ","2020-10-19 11:00:08",1,,[],
https://crm.consors.com.br/,"ScheduleReprot Next Trigger Time >> ","2020-10-19 11:00:08","2020-10-26 11:00:00",,[],
https://crm.consors.com.br/,ScheduleReprot,"2020-10-19 11:00:08","Next Trigger Time updated",,[],
https://crm.consors.com.br/,ScheduleReprots,"2020-10-26 11:00:06",Array,,[],
https://crm.consors.com.br/,"ScheduleReprots Send Mail Start ::","2020-10-26 11:00:06","2020-10-26 11:00:06",,[],
https://crm.consors.com.br/,"ScheduleReprot Name ::","2020-10-26 11:00:06","Relatório de Leads SEO",,[],
https://crm.consors.com.br/,"ScheduleReprot Send Mail Status ","2020-10-26 11:00:06",1,,[],
https://crm.consors.com.br/,"ScheduleReprot Next Trigger Time >> ","2020-10-26 11:00:06","2020-11-02 11:00:00",,[],
https://crm.consors.com.br/,ScheduleReprot,"2020-10-26 11:00:06","Next Trigger Time updated",,[],
https://crm.consors.com.br/,ScheduleReprots,"2020-11-02 11:00:06",Array,,[],
https://crm.consors.com.br/,"ScheduleReprots Send Mail Start ::","2020-11-02 11:00:06","2020-11-02 11:00:06",,[],
https://crm.consors.com.br/,"ScheduleReprot Name ::","2020-11-02 11:00:06","Relatório de Leads SEO",,[],
https://crm.consors.com.br/,"ScheduleReprot Send Mail Status ","2020-11-02 11:00:06",1,,[],
https://crm.consors.com.br/,"ScheduleReprot Next Trigger Time >> ","2020-11-02 11:00:06","2020-11-09 11:00:00",,[],
https://crm.consors.com.br/,ScheduleReprot,"2020-11-02 11:00:06","Next Trigger Time updated",,[],
https://crm.consors.com.br/,ScheduleReprots,"2020-11-09 11:00:06",Array,,[],
https://crm.consors.com.br/,"ScheduleReprots Send Mail Start ::","2020-11-09 11:00:06","2020-11-09 11:00:06",,[],
https://crm.consors.com.br/,"ScheduleReprot Name ::","2020-11-09 11:00:06","Relatório de Leads SEO",,[],
https://crm.consors.com.br/,"ScheduleReprot Send Mail Status ","2020-11-09 11:00:06",1,,[],
https://crm.consors.com.br/,"ScheduleReprot Next Trigger Time >> ","2020-11-09 11:00:06","2020-11-16 11:00:00",,[],
https://crm.consors.com.br/,ScheduleReprot,"2020-11-09 11:00:06","Next Trigger Time updated",,[],
https://crm.consors.com.br/,ScheduleReprots,"2020-11-16 11:00:05",Array,,[],
https://crm.consors.com.br/,"ScheduleReprots Send Mail Start ::","2020-11-16 11:00:05","2020-11-16 11:00:05",,[],
https://crm.consors.com.br/,"ScheduleReprot Name ::","2020-11-16 11:00:05","Relatório de Leads SEO",,[],
https://crm.consors.com.br/,"ScheduleReprot Send Mail Status ","2020-11-16 11:00:05",1,,[],
https://crm.consors.com.br/,"ScheduleReprot Next Trigger Time >> ","2020-11-16 11:00:05","2020-11-23 11:00:00",,[],
https://crm.consors.com.br/,ScheduleReprot,"2020-11-16 11:00:05","Next Trigger Time updated",,[],
https://crm.consors.com.br/,ScheduleReprots,"2020-11-23 11:05:05",Array,,[],
https://crm.consors.com.br/,"ScheduleReprots Send Mail Start ::","2020-11-23 11:05:05","2020-11-23 11:05:05",,[],
https://crm.consors.com.br/,"ScheduleReprot Name ::","2020-11-23 11:05:05","Relatório de Leads SEO",,[],
https://crm.consors.com.br/,"ScheduleReprot Send Mail Status ","2020-11-23 11:05:05",1,,[],
https://crm.consors.com.br/,"ScheduleReprot Next Trigger Time >> ","2020-11-23 11:05:05","2020-11-30 11:00:00",,[],
https://crm.consors.com.br/,ScheduleReprot,"2020-11-23 11:05:05","Next Trigger Time updated",,[],
https://crm.consors.com.br/,ScheduleReprots,"2020-11-30 11:05:04",Array,,[],
https://crm.consors.com.br/,"ScheduleReprots Send Mail Start ::","2020-11-30 11:05:04","2020-11-30 11:05:04",,[],
https://crm.consors.com.br/,"ScheduleReprot Name ::","2020-11-30 11:05:04","Relatório de Leads SEO",,[],
https://crm.consors.com.br/,"ScheduleReprot Send Mail Status ","2020-11-30 11:05:05",1,,[],
https://crm.consors.com.br/,"ScheduleReprot Next Trigger Time >> ","2020-11-30 11:05:05","2020-12-07 11:00:00",,[],
https://crm.consors.com.br/,ScheduleReprot,"2020-11-30 11:05:05","Next Trigger Time updated",,[],
https://crm.consors.com.br/,ScheduleReprots,"2020-12-07 11:05:05",Array,,[],
https://crm.consors.com.br/,"ScheduleReprots Send Mail Start ::","2020-12-07 11:05:05","2020-12-07 11:05:05",,[],
https://crm.consors.com.br/,"ScheduleReprot Name ::","2020-12-07 11:05:05","Relatório de Leads SEO",,[],
https://crm.consors.com.br/,"ScheduleReprot Send Mail Status ","2020-12-07 11:05:05",1,,[],
https://crm.consors.com.br/,"ScheduleReprot Next Trigger Time >> ","2020-12-07 11:05:05","2020-12-14 11:00:00",,[],
https://crm.consors.com.br/,ScheduleReprot,"2020-12-07 11:05:05","Next Trigger Time updated",,[],
https://crm.consors.com.br/,ScheduleReprots,"2020-12-14 11:05:04",Array,,[],
https://crm.consors.com.br/,"ScheduleReprots Send Mail Start ::","2020-12-14 11:05:04","2020-12-14 11:05:04",,[],
https://crm.consors.com.br/,"ScheduleReprot Name ::","2020-12-14 11:05:04","Relatório de Leads SEO",,[],
https://crm.consors.com.br/,"ScheduleReprot Send Mail Status ","2020-12-14 11:05:04",1,,[],
https://crm.consors.com.br/,"ScheduleReprot Next Trigger Time >> ","2020-12-14 11:05:04","2020-12-21 11:00:00",,[],
https://crm.consors.com.br/,ScheduleReprot,"2020-12-14 11:05:04","Next Trigger Time updated",,[],
https://crm.consors.com.br/,ScheduleReprots,"2020-12-21 11:05:05",Array,,[],
https://crm.consors.com.br/,"ScheduleReprots Send Mail Start ::","2020-12-21 11:05:05","2020-12-21 11:05:05",,[],
https://crm.consors.com.br/,"ScheduleReprot Name ::","2020-12-21 11:05:05","Relatório de Leads SEO",,[],
https://crm.consors.com.br/,"ScheduleReprot Send Mail Status ","2020-12-21 11:05:05",1,,[],
https://crm.consors.com.br/,"ScheduleReprot Next Trigger Time >> ","2020-12-21 11:05:05","2020-12-28 11:00:00",,[],
https://crm.consors.com.br/,ScheduleReprot,"2020-12-21 11:05:05","Next Trigger Time updated",,[],
https://crm.consors.com.br/,ScheduleReprots,"2020-12-28 11:00:06",Array,,[],
https://crm.consors.com.br/,"ScheduleReprots Send Mail Start ::","2020-12-28 11:00:06","2020-12-28 11:00:06",,[],
https://crm.consors.com.br/,"ScheduleReprot Name ::","2020-12-28 11:00:06","Relatório de Leads SEO",,[],
https://crm.consors.com.br/,"ScheduleReprot Send Mail Status ","2020-12-28 11:00:06",1,,[],
https://crm.consors.com.br/,"ScheduleReprot Next Trigger Time >> ","2020-12-28 11:00:06","2021-01-04 11:00:00",,[],
https://crm.consors.com.br/,ScheduleReprot,"2020-12-28 11:00:06","Next Trigger Time updated",,[],
https://crm.consors.com.br/,ScheduleReprots,"2021-01-04 11:00:15",Array,,"{""currentid"":3697}",
https://crm.consors.com.br/,"ScheduleReprots Send Mail Start ::","2021-01-04 11:00:15","2021-01-04 11:00:15",,"{""currentid"":3697}",
https://crm.consors.com.br/,"ScheduleReprot Name ::","2021-01-04 11:00:15","Relatório de Leads SEO",,"{""currentid"":3697}",
https://crm.consors.com.br/,"ScheduleReprot Send Mail Status ","2021-01-04 11:00:15",1,,"{""currentid"":3697}",
https://crm.consors.com.br/,"ScheduleReprot Next Trigger Time >> ","2021-01-04 11:00:15","2021-01-11 11:00:00",,"{""currentid"":3697}",
https://crm.consors.com.br/,ScheduleReprot,"2021-01-04 11:00:15","Next Trigger Time updated",,"{""currentid"":3697}",
